<?xml version="1.0" encoding="UTF-8"?>
<testng-results ignored="0" total="1" passed="1" failed="0" skipped="0">
  <reporter-output>
  </reporter-output>
  <suite started-at="2023-05-03T15:24:01 IST" name="Default suite" finished-at="2023-05-03T15:24:08 IST" duration-ms="7297">
    <groups>
    </groups>
    <test started-at="2023-05-03T15:24:01 IST" name="Default test" finished-at="2023-05-03T15:24:08 IST" duration-ms="7297">
      <class name="cia1.E1">
        <test-method is-config="true" signature="setup()[pri:0, instance:cia1.E1@4efbca5a]" started-at="2023-05-03T15:24:01 IST" name="setup" finished-at="2023-05-03T15:24:05 IST" duration-ms="3950" status="PASS">
          <reporter-output>
          </reporter-output>
        </test-method> <!-- setup -->
        <test-method signature="openURL()[pri:0, instance:cia1.E1@4efbca5a]" started-at="2023-05-03T15:24:05 IST" name="openURL" finished-at="2023-05-03T15:24:08 IST" duration-ms="3283" status="PASS">
          <reporter-output>
          </reporter-output>
        </test-method> <!-- openURL -->
        <test-method is-config="true" signature="teardown()[pri:0, instance:cia1.E1@4efbca5a]" started-at="2023-05-03T15:24:08 IST" name="teardown" finished-at="2023-05-03T15:24:08 IST" duration-ms="0" status="PASS">
          <reporter-output>
          </reporter-output>
        </test-method> <!-- teardown -->
      </class> <!-- cia1.E1 -->
    </test> <!-- Default test -->
  </suite> <!-- Default suite -->
</testng-results>
